+-------------------------------------------------------------+------------+-----------+------------------------------------------------------------------+----------------------------------------------------------------------------------------------------------------------------------------------------------------------------------------------------------------------------------------------------------------------------------------+
| id                                                          | estRows    | task      | access object                                                    | operator info                                                                                                                                                                                                                                                                          |
+-------------------------------------------------------------+------------+-----------+------------------------------------------------------------------+----------------------------------------------------------------------------------------------------------------------------------------------------------------------------------------------------------------------------------------------------------------------------------------+
| StreamAgg_38                                                | 1.00       | root      |                                                                  | funcs:min(test.company_name.name)->Column#39, funcs:min(test.link_type.link)->Column#40, funcs:min(test.title.title)->Column#41                                                                                                                                                        |
| └─Projection_243                                            | 1.01       | root      |                                                                  | test.company_name.name, test.link_type.link, test.title.title                                                                                                                                                                                                                          |
|   └─IndexJoin_251                                           | 1.01       | root      |                                                                  | inner join, inner:TableReader_247, outer key:test.movie_keyword.keyword_id, inner key:test.keyword.id, equal cond:eq(test.movie_keyword.keyword_id, test.keyword.id)                                                                                                                   |
|     ├─IndexHashJoin_59(Build)                               | 423.91     | root      |                                                                  | inner join, inner:IndexLookUp_56, outer key:test.title.id, inner key:test.movie_keyword.movie_id, equal cond:eq(test.movie_companies.movie_id, test.movie_keyword.movie_id), eq(test.movie_link.movie_id, test.movie_keyword.movie_id), eq(test.title.id, test.movie_keyword.movie_id) |
|     │ ├─IndexJoin_73(Build)                                 | 44.46      | root      |                                                                  | inner join, inner:TableReader_69, outer key:test.movie_link.movie_id, test.movie_companies.movie_id, inner key:test.title.id, test.title.id, equal cond:eq(test.movie_companies.movie_id, test.title.id), eq(test.movie_link.movie_id, test.title.id)                                  |
|     │ │ ├─IndexJoin_86(Build)                               | 44.44      | root      |                                                                  | inner join, inner:TableReader_82, outer key:test.movie_companies.company_id, inner key:test.company_name.id, equal cond:eq(test.movie_companies.company_id, test.company_name.id)                                                                                                      |
|     │ │ │ ├─HashJoin_147(Build)                             | 43.95      | root      |                                                                  | inner join, equal:[eq(test.movie_link.link_type_id, test.link_type.id)]                                                                                                                                                                                                                |
|     │ │ │ │ ├─TableReader_231(Build)                        | 14.40      | root      |                                                                  | data:Selection_230                                                                                                                                                                                                                                                                     |
|     │ │ │ │ │ └─Selection_230                               | 14.40      | cop[tikv] |                                                                  | like(test.link_type.link, "%follow%", 92)                                                                                                                                                                                                                                              |
|     │ │ │ │ │   └─TableFullScan_229                         | 18.00      | cop[tikv] | table:lt                                                         | keep order:false                                                                                                                                                                                                                                                                       |
|     │ │ │ │ └─IndexHashJoin_156(Probe)                      | 48.83      | root      |                                                                  | inner join, inner:IndexLookUp_153, outer key:test.movie_companies.movie_id, inner key:test.movie_link.movie_id, equal cond:eq(test.movie_companies.movie_id, test.movie_link.movie_id)                                                                                                 |
|     │ │ │ │   ├─IndexHashJoin_192(Build)                    | 10.44      | root      |                                                                  | inner join, inner:IndexLookUp_189, outer key:test.company_type.id, inner key:test.movie_companies.company_type_id, equal cond:eq(test.company_type.id, test.movie_companies.company_type_id)                                                                                           |
|     │ │ │ │   │ ├─TableReader_223(Build)                    | 0.00       | root      |                                                                  | data:Selection_222                                                                                                                                                                                                                                                                     |
|     │ │ │ │   │ │ └─Selection_222                           | 0.00       | cop[tikv] |                                                                  | eq(test.company_type.kind, "production companies")                                                                                                                                                                                                                                     |
|     │ │ │ │   │ │   └─TableFullScan_221                     | 4.00       | cop[tikv] | table:ct                                                         | keep order:false                                                                                                                                                                                                                                                                       |
|     │ │ │ │   │ └─IndexLookUp_189(Probe)                    | 2609.13    | root      |                                                                  |                                                                                                                                                                                                                                                                                        |
|     │ │ │ │   │   ├─IndexRangeScan_186(Build)               | 2609129.00 | cop[tikv] | table:mc, index:company_type_id_movie_companies(company_type_id) | range: decided by [eq(test.movie_companies.company_type_id, test.company_type.id)], keep order:false                                                                                                                                                                                   |
|     │ │ │ │   │   └─Selection_188(Probe)                    | 2609.13    | cop[tikv] |                                                                  | isnull(test.movie_companies.note)                                                                                                                                                                                                                                                      |
|     │ │ │ │   │     └─TableRowIDScan_187                    | 2609129.00 | cop[tikv] | table:mc                                                         | keep order:false                                                                                                                                                                                                                                                                       |
|     │ │ │ │   └─IndexLookUp_153(Probe)                      | 4.68       | root      |                                                                  |                                                                                                                                                                                                                                                                                        |
|     │ │ │ │     ├─IndexRangeScan_151(Build)                 | 4.68       | cop[tikv] | table:ml, index:movie_id_movie_link(movie_id)                    | range: decided by [eq(test.movie_link.movie_id, test.movie_companies.movie_id)], keep order:false                                                                                                                                                                                      |
|     │ │ │ │     └─TableRowIDScan_152(Probe)                 | 4.68       | cop[tikv] | table:ml                                                         | keep order:false                                                                                                                                                                                                                                                                       |
|     │ │ │ └─TableReader_82(Probe)                           | 0.96       | root      |                                                                  | data:Selection_81                                                                                                                                                                                                                                                                      |
|     │ │ │   └─Selection_81                                  | 0.96       | cop[tikv] |                                                                  | ne(test.company_name.country_code, "[pl]"), or(like(test.company_name.name, "%Film%", 92), like(test.company_name.name, "%Warner%", 92))                                                                                                                                               |
|     │ │ │     └─TableRangeScan_80                           | 1.00       | cop[tikv] | table:cn                                                         | range: decided by [test.movie_companies.company_id], keep order:false                                                                                                                                                                                                                  |
|     │ │ └─TableReader_69(Probe)                             | 0.36       | root      |                                                                  | data:Selection_68                                                                                                                                                                                                                                                                      |
|     │ │   └─Selection_68                                    | 0.36       | cop[tikv] |                                                                  | ge(test.title.production_year, 1950), le(test.title.production_year, 2000)                                                                                                                                                                                                             |
|     │ │     └─TableRangeScan_67                             | 1.00       | cop[tikv] | table:t                                                          | range: decided by [test.movie_link.movie_id test.movie_companies.movie_id], keep order:false                                                                                                                                                                                           |
|     │ └─IndexLookUp_56(Probe)                               | 9.53       | root      |                                                                  |                                                                                                                                                                                                                                                                                        |
|     │   ├─IndexRangeScan_54(Build)                          | 9.53       | cop[tikv] | table:mk, index:movie_id_movie_keyword(movie_id)                 | range: decided by [eq(test.movie_keyword.movie_id, test.title.id)], keep order:false                                                                                                                                                                                                   |
|     │   └─TableRowIDScan_55(Probe)                          | 9.53       | cop[tikv] | table:mk                                                         | keep order:false                                                                                                                                                                                                                                                                       |
|     └─TableReader_247(Probe)                                | 0.00       | root      |                                                                  | data:Selection_246                                                                                                                                                                                                                                                                     |
|       └─Selection_246                                       | 0.00       | cop[tikv] |                                                                  | eq(test.keyword.keyword, "sequel")                                                                                                                                                                                                                                                     |
|         └─TableRangeScan_245                                | 1.00       | cop[tikv] | table:k                                                          | range: decided by [test.movie_keyword.keyword_id], keep order:false                                                                                                                                                                                                                    |
+-------------------------------------------------------------+------------+-----------+------------------------------------------------------------------+----------------------------------------------------------------------------------------------------------------------------------------------------------------------------------------------------------------------------------------------------------------------------------------+


+----------------------------------------------------------------+------------+-----------+------------------------------------------------------------------+----------------------------------------------------------------------------------------------------------------------------------------------------------------------------------------------------------------------------------------------------------------------------------------+
| id                                                             | estRows    | task      | access object                                                    | operator info                                                                                                                                                                                                                                                                          |
+----------------------------------------------------------------+------------+-----------+------------------------------------------------------------------+----------------------------------------------------------------------------------------------------------------------------------------------------------------------------------------------------------------------------------------------------------------------------------------+
| HashAgg_41                                                     | 1.00       | root      |                                                                  | funcs:min(test.company_name.name)->Column#39, funcs:min(test.link_type.link)->Column#40, funcs:min(test.title.title)->Column#41                                                                                                                                                        |
| └─Projection_43                                                | 0.00       | root      |                                                                  | test.company_name.name, test.link_type.link, test.title.title                                                                                                                                                                                                                          |
|   └─IndexJoin_51                                               | 0.00       | root      |                                                                  | inner join, inner:TableReader_47, outer key:test.movie_keyword.keyword_id, inner key:test.keyword.id, equal cond:eq(test.movie_keyword.keyword_id, test.keyword.id)                                                                                                                    |
|     ├─IndexJoin_61(Build)                                      | 0.00       | root      |                                                                  | inner join, inner:IndexLookUp_60, outer key:test.title.id, inner key:test.movie_keyword.movie_id, equal cond:eq(test.movie_companies.movie_id, test.movie_keyword.movie_id), eq(test.movie_link.movie_id, test.movie_keyword.movie_id), eq(test.title.id, test.movie_keyword.movie_id) |
|     │ ├─IndexJoin_77(Build)                                    | 0.00       | root      |                                                                  | inner join, inner:TableReader_73, outer key:test.movie_link.movie_id, test.movie_companies.movie_id, inner key:test.title.id, test.title.id, equal cond:eq(test.movie_companies.movie_id, test.title.id), eq(test.movie_link.movie_id, test.title.id)                                  |
|     │ │ ├─IndexJoin_90(Build)                                  | 0.00       | root      |                                                                  | inner join, inner:TableReader_86, outer key:test.movie_companies.company_id, inner key:test.company_name.id, equal cond:eq(test.movie_companies.company_id, test.company_name.id)                                                                                                      |
|     │ │ │ ├─IndexJoin_146(Build)                               | 0.00       | root      |                                                                  | inner join, inner:TableReader_142, outer key:test.movie_link.link_type_id, inner key:test.link_type.id, equal cond:eq(test.movie_link.link_type_id, test.link_type.id)                                                                                                                 |
|     │ │ │ │ ├─IndexJoin_158(Build)                             | 0.00       | root      |                                                                  | inner join, inner:IndexLookUp_157, outer key:test.movie_companies.movie_id, inner key:test.movie_link.movie_id, equal cond:eq(test.movie_companies.movie_id, test.movie_link.movie_id)                                                                                                 |
|     │ │ │ │ │ ├─MergeJoin_189(Build)                           | 0.00       | root      |                                                                  | inner join, left key:test.movie_companies.company_type_id, right key:test.company_type.id                                                                                                                                                                                              |
|     │ │ │ │ │ │ ├─TableReader_224(Build)                       | 1.00       | root      |                                                                  | data:Selection_223                                                                                                                                                                                                                                                                     |
|     │ │ │ │ │ │ │ └─Selection_223                              | 1.00       | cop[tikv] |                                                                  | eq(test.company_type.kind, "production companies")                                                                                                                                                                                                                                     |
|     │ │ │ │ │ │ │   └─TableFullScan_222                        | 4.00       | cop[tikv] | table:ct                                                         | keep order:true                                                                                                                                                                                                                                                                        |
|     │ │ │ │ │ │ └─Projection_221(Probe)                        | 0.00       | root      |                                                                  | test.movie_companies.movie_id, test.movie_companies.company_id, test.movie_companies.company_type_id, test.movie_companies.note                                                                                                                                                        |
|     │ │ │ │ │ │   └─IndexLookUp_220                            | 0.00       | root      |                                                                  |                                                                                                                                                                                                                                                                                        |
|     │ │ │ │ │ │     ├─IndexFullScan_217(Build)                 | 2609129.00 | cop[tikv] | table:mc, index:company_type_id_movie_companies(company_type_id) | keep order:true                                                                                                                                                                                                                                                                        |
|     │ │ │ │ │ │     └─Selection_219(Probe)                     | 0.00       | cop[tikv] |                                                                  | isnull(test.movie_companies.note)                                                                                                                                                                                                                                                      |
|     │ │ │ │ │ │       └─TableRowIDScan_218                     | 2609129.00 | cop[tikv] | table:mc                                                         | keep order:false                                                                                                                                                                                                                                                                       |
|     │ │ │ │ │ └─IndexLookUp_157(Probe)                         | 0.00       | root      |                                                                  |                                                                                                                                                                                                                                                                                        |
|     │ │ │ │ │   ├─IndexRangeScan_155(Build)                    | 0.00       | cop[tikv] | table:ml, index:movie_id_movie_link(movie_id)                    | range: decided by [eq(test.movie_link.movie_id, test.movie_companies.movie_id)], keep order:false                                                                                                                                                                                      |
|     │ │ │ │ │   └─TableRowIDScan_156(Probe)                    | 0.00       | cop[tikv] | table:ml                                                         | keep order:false                                                                                                                                                                                                                                                                       |
|     │ │ │ │ └─TableReader_142(Probe)                           | 0.80       | root      |                                                                  | data:Selection_141                                                                                                                                                                                                                                                                     |
|     │ │ │ │   └─Selection_141                                  | 0.80       | cop[tikv] |                                                                  | like(test.link_type.link, "%follow%", 92)                                                                                                                                                                                                                                              |
|     │ │ │ │     └─TableRangeScan_140                           | 1.00       | cop[tikv] | table:lt                                                         | range: decided by [test.movie_link.link_type_id], keep order:false                                                                                                                                                                                                                     |
|     │ │ │ └─TableReader_86(Probe)                              | 0.96       | root      |                                                                  | data:Selection_85                                                                                                                                                                                                                                                                      |
|     │ │ │   └─Selection_85                                     | 0.96       | cop[tikv] |                                                                  | ne(test.company_name.country_code, "[pl]"), or(like(test.company_name.name, "%Film%", 92), like(test.company_name.name, "%Warner%", 92))                                                                                                                                               |
|     │ │ │     └─TableRangeScan_84                              | 1.00       | cop[tikv] | table:cn                                                         | range: decided by [test.movie_companies.company_id], keep order:false                                                                                                                                                                                                                  |
|     │ │ └─TableReader_73(Probe)                                | 0.36       | root      |                                                                  | data:Selection_72                                                                                                                                                                                                                                                                      |
|     │ │   └─Selection_72                                       | 0.36       | cop[tikv] |                                                                  | ge(test.title.production_year, 1950), le(test.title.production_year, 2000)                                                                                                                                                                                                             |
|     │ │     └─TableRangeScan_71                                | 1.00       | cop[tikv] | table:t                                                          | range: decided by [test.movie_link.movie_id test.movie_companies.movie_id], keep order:false                                                                                                                                                                                           |
|     │ └─IndexLookUp_60(Probe)                                  | 0.00       | root      |                                                                  |                                                                                                                                                                                                                                                                                        |
|     │   ├─IndexRangeScan_58(Build)                             | 0.00       | cop[tikv] | table:mk, index:movie_id_movie_keyword(movie_id)                 | range: decided by [eq(test.movie_keyword.movie_id, test.title.id)], keep order:false                                                                                                                                                                                                   |
|     │   └─TableRowIDScan_59(Probe)                             | 0.00       | cop[tikv] | table:mk                                                         | keep order:false                                                                                                                                                                                                                                                                       |
|     └─TableReader_47(Probe)                                    | 0.00       | root      |                                                                  | data:Selection_46                                                                                                                                                                                                                                                                      |
|       └─Selection_46                                           | 0.00       | cop[tikv] |                                                                  | eq(test.keyword.keyword, "sequel")                                                                                                                                                                                                                                                     |
|         └─TableRangeScan_45                                    | 1.00       | cop[tikv] | table:k                                                          | range: decided by [test.movie_keyword.keyword_id], keep order:false                                                                                                                                                                                                                    |
+----------------------------------------------------------------+------------+-----------+------------------------------------------------------------------+----------------------------------------------------------------------------------------------------------------------------------------------------------------------------------------------------------------------------------------------------------------------------------------+
